#
# There is insufficient memory for the Java Runtime Environment to continue.
# Native memory allocation (mmap) failed to map 536870912 bytes for G1 virtual space
# Possible reasons:
#   The system is out of physical RAM or swap space
#   The process is running with CompressedOops enabled, and the Java Heap may be blocking the growth of the native heap
# Possible solutions:
#   Reduce memory load on the system
#   Increase physical memory or swap space
#   Check if swap backing store is full
#   Decrease Java heap size (-Xmx/-Xms)
#   Decrease number of Java threads
#   Decrease Java thread stack sizes (-Xss)
#   Set larger code cache with -XX:ReservedCodeCacheSize=
#   JVM is running with Zero Based Compressed Oops mode in which the Java heap is
#     placed in the first 32GB address space. The Java Heap base address is the
#     maximum limit for the native heap growth. Please use -XX:HeapBaseMinAddress
#     to set the Java Heap base and to place the Java Heap above 32GB virtual address.
# This output file may be truncated or incomplete.
#
#  Out of Memory Error (os_windows.cpp:3532), pid=25484, tid=28648
#
# JRE version:  (17.0.2+8) (build )
# Java VM: Java HotSpot(TM) 64-Bit Server VM (17.0.2+8-LTS-86, mixed mode, sharing, tiered, compressed oops, compressed class ptrs, g1 gc, windows-amd64)
# No core dump will be written. Minidumps are not enabled by default on client versions of Windows
#

---------------  S U M M A R Y ------------

Command Line: org.jetbrains.kotlin.cli.jvm.K2JVMCompiler @E:\Work\tattoo\react-native-tattoo\node_modules\react-native-safe-area-context\android\build\20230116_16458872484477445747.compiler.options

Host: Intel(R) Core(TM) i7-9700 CPU @ 3.00GHz, 8 cores, 31G,  Windows 10 , 64 bit Build 18362 (10.0.18362.1)
Time: Mon Jan 16 17:46:23 2023 Transbaikal Standard Time elapsed time: 0.008964 seconds (0d 0h 0m 0s)

---------------  T H R E A D  ---------------

Current thread (0x000001bfbbe1d080):  JavaThread "Unknown thread" [_thread_in_vm, id=28648, stack(0x0000002375400000,0x0000002375500000)]

Stack: [0x0000002375400000,0x0000002375500000]
Native frames: (J=compiled Java code, j=interpreted, Vv=VM code, C=native code)
V  [jvm.dll+0x670baa]
V  [jvm.dll+0x7cfcb4]
V  [jvm.dll+0x7d145e]
V  [jvm.dll+0x7d1ac3]
V  [jvm.dll+0x242bc5]
V  [jvm.dll+0x66dac9]
V  [jvm.dll+0x662412]
V  [jvm.dll+0x300c0b]
V  [jvm.dll+0x3081a6]
V  [jvm.dll+0x357d0e]
V  [jvm.dll+0x357f3f]
V  [jvm.dll+0x2d7ec8]
V  [jvm.dll+0x2d8e34]
V  [jvm.dll+0x7a18c1]
V  [jvm.dll+0x365a91]
V  [jvm.dll+0x780d2c]
V  [jvm.dll+0x3e845f]
V  [jvm.dll+0x3e9f01]
C  [jli.dll+0x527b]
C  [ucrtbase.dll+0x1d912]
C  [KERNEL32.DLL+0x17944]
C  [ntdll.dll+0x6ce71]


---------------  P R O C E S S  ---------------

Threads class SMR info:
_java_thread_list=0x00007ffda32b9858, length=0, elements={
}

Java Threads: ( => current thread )

Other Threads:
  0x000001bfbdf2e2b0 GCTaskThread "GC Thread#0" [stack: 0x0000002375500000,0x0000002375600000] [id=14568]
  0x000001bfbdf400d0 ConcurrentGCThread "G1 Main Marker" [stack: 0x0000002375600000,0x0000002375700000] [id=25920]
  0x000001bfbdf421a0 ConcurrentGCThread "G1 Conc#0" [stack: 0x0000002375700000,0x0000002375800000] [id=8696]

[error occurred during error reporting (printing all threads), id 0xc0000005, EXCEPTION_ACCESS_VIOLATION (0xc0000005) at pc=0x00007ffda2b088a7]

VM state: not at safepoint (not fully initialized)

VM Mutex/Monitor currently owned by a thread:  ([mutex/lock_event])
[0x000001bfbdeba8c0] Heap_lock - owner thread: 0x000001bfbbe1d080

Heap address: 0x0000000600800000, size: 8184 MB, Compressed Oops mode: Zero based, Oop shift amount: 3

CDS archive(s) mapped at: [0x0000000000000000-0x0000000000000000-0x0000000000000000), size 0, SharedBaseAddress: 0x0000000800000000, ArchiveRelocationMode: 0.
Narrow klass base: 0x0000000000000000, Narrow klass shift: 0, Narrow klass range: 0x0

GC Precious Log:
<Empty>

Heap:
 garbage-first heap   total 0K, used 0K [0x0000000600800000, 0x0000000800000000)
  region size 4096K, 0 young (0K), 0 survivors (0K)

[error occurred during error reporting (printing heap information), id 0xc0000005, EXCEPTION_ACCESS_VIOLATION (0xc0000005) at pc=0x00007ffda2ee9f19]

GC Heap History (0 events):
No events

Deoptimization events (0 events):
No events

Classes unloaded (0 events):
No events

Classes redefined (0 events):
No events

Internal exceptions (0 events):
No events

VM Operations (0 events):
No events

Events (1 events):
Event: 0.005 Loaded shared library C:\Program Files\Java\jdk-17.0.2\bin\java.dll


Dynamic libraries:
0x00007ff6f6650000 - 0x00007ff6f6660000 	C:\Program Files\Java\jdk-17.0.2\bin\java.exe
0x00007ffe18500000 - 0x00007ffe186f0000 	C:\Windows\SYSTEM32\ntdll.dll
0x00007ffe16f00000 - 0x00007ffe16fb2000 	C:\Windows\System32\KERNEL32.DLL
0x00007ffe157e0000 - 0x00007ffe15a82000 	C:\Windows\System32\KERNELBASE.dll
0x00007ffe164c0000 - 0x00007ffe165ba000 	C:\Windows\System32\ucrtbase.dll
0x00007ffe09c70000 - 0x00007ffe09c88000 	C:\Program Files\Java\jdk-17.0.2\bin\jli.dll
0x00007ffe09e40000 - 0x00007ffe09e5a000 	C:\Program Files\Java\jdk-17.0.2\bin\VCRUNTIME140.dll
0x00007ffe16770000 - 0x00007ffe16813000 	C:\Windows\System32\ADVAPI32.dll
0x00007ffe17d70000 - 0x00007ffe17e0e000 	C:\Windows\System32\msvcrt.dll
0x00007ffe16a30000 - 0x00007ffe16ac7000 	C:\Windows\System32\sechost.dll
0x00007ffe17a70000 - 0x00007ffe17b90000 	C:\Windows\System32\RPCRT4.dll
0x00007ffe178c0000 - 0x00007ffe17a53000 	C:\Windows\System32\USER32.dll
0x00007ffe163e0000 - 0x00007ffe16401000 	C:\Windows\System32\win32u.dll
0x00007ffe094d0000 - 0x00007ffe09755000 	C:\Windows\WinSxS\amd64_microsoft.windows.common-controls_6595b64144ccf1df_6.0.18362.30_none_a1435978519dce7f\COMCTL32.dll
0x00007ffe16ec0000 - 0x00007ffe16ee6000 	C:\Windows\System32\GDI32.dll
0x00007ffe16ad0000 - 0x00007ffe16e06000 	C:\Windows\System32\combase.dll
0x00007ffe15640000 - 0x00007ffe157d4000 	C:\Windows\System32\gdi32full.dll
0x00007ffe15b90000 - 0x00007ffe15c2e000 	C:\Windows\System32\msvcp_win.dll
0x00007ffe15b00000 - 0x00007ffe15b81000 	C:\Windows\System32\bcryptPrimitives.dll
0x00007ffe0eca0000 - 0x00007ffe0ecaa000 	C:\Windows\SYSTEM32\VERSION.dll
0x00007ffe176a0000 - 0x00007ffe176ce000 	C:\Windows\System32\IMM32.DLL
0x00007ffe09c60000 - 0x00007ffe09c6c000 	C:\Program Files\Java\jdk-17.0.2\bin\vcruntime140_1.dll
0x00007ffde38a0000 - 0x00007ffde392d000 	C:\Program Files\Java\jdk-17.0.2\bin\msvcp140.dll
0x00007ffda2820000 - 0x00007ffda33e1000 	C:\Program Files\Java\jdk-17.0.2\bin\server\jvm.dll
0x00007ffe183e0000 - 0x00007ffe183e8000 	C:\Windows\System32\PSAPI.DLL
0x00007ffe09be0000 - 0x00007ffe09be9000 	C:\Windows\SYSTEM32\WSOCK32.dll
0x00007ffe17850000 - 0x00007ffe178bf000 	C:\Windows\System32\WS2_32.dll
0x00007ffe13490000 - 0x00007ffe134b4000 	C:\Windows\SYSTEM32\WINMM.dll
0x00007ffe13360000 - 0x00007ffe1338d000 	C:\Windows\SYSTEM32\WINMMBASE.dll
0x00007ffe15a90000 - 0x00007ffe15ada000 	C:\Windows\System32\cfgmgr32.dll
0x00007ffe15470000 - 0x00007ffe15481000 	C:\Windows\System32\kernel.appcore.dll
0x00007ffe09bd0000 - 0x00007ffe09bda000 	C:\Program Files\Java\jdk-17.0.2\bin\jimage.dll
0x00007ffe07a20000 - 0x00007ffe07c14000 	C:\Windows\SYSTEM32\DBGHELP.DLL
0x00007ffe07500000 - 0x00007ffe0752a000 	C:\Windows\SYSTEM32\dbgcore.DLL
0x00007ffe07590000 - 0x00007ffe075b5000 	C:\Program Files\Java\jdk-17.0.2\bin\java.dll

dbghelp: loaded successfully - version: 4.0.5 - missing functions: none
symbol engine: initialized successfully - sym options: 0x614 - pdb path: .;C:\Program Files\Java\jdk-17.0.2\bin;C:\Windows\SYSTEM32;C:\Windows\WinSxS\amd64_microsoft.windows.common-controls_6595b64144ccf1df_6.0.18362.30_none_a1435978519dce7f;C:\Program Files\Java\jdk-17.0.2\bin\server

VM Arguments:
java_command: org.jetbrains.kotlin.cli.jvm.K2JVMCompiler @E:\Work\tattoo\react-native-tattoo\node_modules\react-native-safe-area-context\android\build\20230116_16458872484477445747.compiler.options
java_class_path (initial): C:\Users\Agile\.gradle\caches\modules-2\files-2.1\org.jetbrains.kotlin\kotlin-compiler-embeddable\1.6.10\88f2073f4020cdb83132cfe940ceb9a60aba54ea\kotlin-compiler-embeddable-1.6.10.jar;C:\Users\Agile\.gradle\caches\modules-2\files-2.1\org.jetbrains.kotlin\kotlin-reflect\1.6.10\1cbe9c92c12a94eea200d23c2bbaedaf3daf5132\kotlin-reflect-1.6.10.jar;C:\Users\Agile\.gradle\caches\modules-2\files-2.1\org.jetbrains.kotlin\kotlin-stdlib\1.6.10\b8af3fe6f1ca88526914929add63cf5e7c5049af\kotlin-stdlib-1.6.10.jar;C:\Users\Agile\.gradle\caches\modules-2\files-2.1\org.jetbrains.kotlin\kotlin-script-runtime\1.6.10\d0a7ff2e2500ef497ed0214ae40ad3c8387a6164\kotlin-script-runtime-1.6.10.jar;C:\Users\Agile\.gradle\caches\modules-2\files-2.1\org.jetbrains.kotlin\kotlin-daemon-embeddable\1.6.10\a56d79bcbea411fa6058e4ecffc2de73e742bd2a\kotlin-daemon-embeddable-1.6.10.jar;C:\Users\Agile\.gradle\caches\modules-2\files-2.1\org.jetbrains.intellij.deps\trove4j\1.0.20181211\216c2e14b070f334479d800987affe4054cd563f\trove4j-1.0.20181211.jar;C:\Users\Agile\.gradle\caches\modules-2\files-2.1\net.java.dev.jna\jna\5.6.0\330f2244e9030119ab3030fc3fededc86713d9cc\jna-5.6.0.jar;C:\Users\Agile\.gradle\caches\modules-2\files-2.1\org.jetbrains\annotations\13.0\919f0dfe192fb4e063e7dacadee7f8bb9a2672a9\annotations-13.0.jar;C:\Users\Agile\.gradle\caches\modules-2\files-2.1\org.jetbrains.kotlin\kotlin-stdlib-common\1.6.10\c118700e3a33c8a0d9adc920e9dec0831171925\kotlin-stdlib-common-1.6.10.jar
Launcher Type: SUN_STANDARD

[Global flags]
     intx CICompilerCount                          = 4                                         {product} {ergonomic}
     uint ConcGCThreads                            = 2                                         {product} {ergonomic}
     uint G1ConcRefinementThreads                  = 8                                         {product} {ergonomic}
   size_t G1HeapRegionSize                         = 4194304                                   {product} {ergonomic}
    uintx GCDrainStackTargetSize                   = 64                                        {product} {ergonomic}
   size_t InitialHeapSize                          = 536870912                                 {product} {ergonomic}
   size_t MarkStackSize                            = 4194304                                   {product} {ergonomic}
   size_t MaxHeapSize                              = 8581545984                                {product} {ergonomic}
   size_t MinHeapDeltaBytes                        = 4194304                                   {product} {ergonomic}
   size_t MinHeapSize                              = 8388608                                   {product} {ergonomic}
    uintx NonNMethodCodeHeapSize                   = 5839372                                {pd product} {ergonomic}
    uintx NonProfiledCodeHeapSize                  = 122909434                              {pd product} {ergonomic}
    uintx ProfiledCodeHeapSize                     = 122909434                              {pd product} {ergonomic}
    uintx ReservedCodeCacheSize                    = 251658240                              {pd product} {ergonomic}
     bool SegmentedCodeCache                       = true                                      {product} {ergonomic}
   size_t SoftMaxHeapSize                          = 8581545984                             {manageable} {ergonomic}
     bool UseCompressedClassPointers               = true                           {product lp64_product} {ergonomic}
     bool UseCompressedOops                        = true                           {product lp64_product} {ergonomic}
     bool UseG1GC                                  = true                                      {product} {ergonomic}
     bool UseLargePagesIndividualAllocation        = false                                  {pd product} {ergonomic}

Logging:
Log output configuration:
 #0: stdout all=warning uptime,level,tags
 #1: stderr all=off uptime,level,tags

Environment Variables:
JAVA_HOME=C:\Program Files\Java\jdk-17.0.2
CLASSPATH=E:\Work\tattoo\react-native-tattoo\android\\gradle\wrapper\gradle-wrapper.jar
PATH=E:\Work\tattoo\react-native-tattoo\android\node_modules\.bin;E:\Work\tattoo\react-native-tattoo\node_modules\.bin;E:\Work\tattoo\node_modules\.bin;E:\Work\node_modules\.bin;E:\node_modules\.bin;C:\Program Files\nodejs;E:\Work\tattoo\react-native-tattoo\node_modules\.bin;E:\Work\tattoo\react-native-tattoo\node_modules\.bin;E:\Work\tattoo\node_modules\.bin;E:\Work\node_modules\.bin;E:\node_modules\.bin;C:\Program Files\nodejs\node_modules\npm\node_modules\@npmcli\run-script\lib\node-gyp-bin;C:\Users\Agile\bin;C:\Program Files\Git\mingw64\bin;C:\Program Files\Git\usr\local\bin;C:\Program Files\Git\usr\bin;C:\Program Files\Git\usr\bin;C:\Program Files\Git\mingw64\bin;C:\Program Files\Git\usr\bin;C:\Users\Agile\bin;C:\Program Files\Common Files\Oracle\Java\javapath;C:\Program Files\Microsoft\jdk-11.0.12.7-hotspot\bin;C:\Program Files (x86)\VMware\VMware Workstation\bin;C:\Windows\system32;C:\Windows;C:\Windows\System32\Wbem;C:\Windows\System32\WindowsPowerShell\v1.0;C:\Windows\System32\OpenSSH;C:\Program Files\Microsoft SQL Server\150\Tools\Binn;C:\Program Files\Microsoft SQL Server\Client SDK\ODBC\170\Tools\Binn;C:\Program Files\MongoDB\Server\6.0\bin;C:\Users\Agile\anaconda3;C:\composer;C:\Program Files\Docker\Docker\resources\bin;C:\Program Files\Git\cmd;C:\ProgramData\chocolatey\bin;C:\Program Files\nodejs;C:\Program Files\dotnet;C:\Users\Agile\scoop\shims;C:\Users\Agile\AppData\Local\Programs\Python\Python311\Scripts;C:\Users\Agile\AppData\Local\Programs\Python\Python311;C:\Users\Agile\AppData\Local\Microsoft\WindowsApps;C:\Users\Agile\AppData\Local\Programs\Microsoft VS Code\bin;C:\Program Files\PostgreSQL\15\bin;C:\Users\Agile\anaconda3;C:\Program Files\JetBrains\PyCharm 2022.3\bin;C:\xampp\php;C:\Users\Agile\AppData\Roaming\Composer\vendor\bin;C:\Users\Agile\anaconda3\Scripts;C:\Users\Agile\AppData\Local\Android\Sdk\platform-tools;C:\Program Files\Java\jdk-17.0.2\bin;C:\Users\Agile\AppData\Local\GitHubDesktop\bin;C:\Users\Agile\AppData\Roaming\npm;C:\Users\Agil
USERNAME=Agile
SHELL=C:\Program Files\Git\usr\bin\bash.exe
DISPLAY=needs-to-be-defined
LANG=en_US.UTF-8
OS=Windows_NT
PROCESSOR_IDENTIFIER=Intel64 Family 6 Model 158 Stepping 13, GenuineIntel



---------------  S Y S T E M  ---------------

OS:
 Windows 10 , 64 bit Build 18362 (10.0.18362.1)
OS uptime: 2 days 12:10 hours

CPU: total 8 (initial active 8) (8 cores per cpu, 1 threads per core) family 6 model 158 stepping 13 microcode 0xaa, cx8, cmov, fxsr, mmx, 3dnowpref, sse, sse2, sse3, ssse3, sse4.1, sse4.2, popcnt, lzcnt, tsc, tscinvbit, avx, avx2, aes, erms, clmul, bmi1, bmi2, rtm, adx, fma, vzeroupper, clflush, clflushopt

Memory: 4k page, system-wide physical 32725M (6386M free)
TotalPageFile size 32725M (AvailPageFile size 484M)
current process WorkingSet (physical memory assigned to process): 10M, peak: 10M
current process commit charge ("private bytes"): 60M, peak: 572M

vm_info: Java HotSpot(TM) 64-Bit Server VM (17.0.2+8-LTS-86) for windows-amd64 JRE (17.0.2+8-LTS-86), built on Dec  7 2021 21:51:03 by "mach5one" with MS VC++ 16.8 / 16.9 (VS2019)

END.
